{
  "RSpec": {
    "coverage": {
      "/Users/shivansh/development/TDD/e-commerce/config/environment.rb": [
        null,
        1,
        null,
        null,
        1
      ],
      "/Users/shivansh/development/TDD/e-commerce/config/application.rb": [
        1,
        null,
        1,
        null,
        null,
        null,
        1,
        null,
        1,
        1,
        null,
        null,
        null,
        null,
        null,
        null,
        null,
        null,
        null,
        null,
        null,
        null,
        null,
        1,
        null,
        null
      ],
      "/Users/shivansh/development/TDD/e-commerce/config/boot.rb": [
        1,
        null,
        1
      ],
      "/Users/shivansh/development/TDD/e-commerce/config/environments/test.rb": [
        1,
        null,
        null,
        null,
        null,
        null,
        null,
        1,
        null,
        null,
        null,
        null,
        1,
        null,
        null,
        1,
        1,
        null,
        null,
        1,
        1,
        null,
        null,
        1,
        null,
        null,
        1,
        null,
        null,
        null,
        null,
        1,
        null,
        null,
        1,
        null,
        null,
        1,
        null,
        null,
        null,
        null
      ],
      "/Users/shivansh/development/TDD/e-commerce/config/initializers/assets.rb": [
        null,
        null,
        null,
        1,
        null,
        null,
        null,
        null,
        null,
        null,
        null
      ],
      "/Users/shivansh/development/TDD/e-commerce/config/initializers/backtrace_silencers.rb": [
        null,
        null,
        null,
        null,
        null,
        null,
        null
      ],
      "/Users/shivansh/development/TDD/e-commerce/config/initializers/cookies_serializer.rb": [
        null,
        null,
        1
      ],
      "/Users/shivansh/development/TDD/e-commerce/config/initializers/filter_parameter_logging.rb": [
        null,
        null,
        null,
        1
      ],
      "/Users/shivansh/development/TDD/e-commerce/config/initializers/inflections.rb": [
        null,
        null,
        null,
        null,
        null,
        null,
        null,
        null,
        null,
        null,
        null,
        null,
        null,
        null,
        null,
        null
      ],
      "/Users/shivansh/development/TDD/e-commerce/config/initializers/mime_types.rb": [
        null,
        null,
        null,
        null
      ],
      "/Users/shivansh/development/TDD/e-commerce/config/initializers/session_store.rb": [
        null,
        null,
        1
      ],
      "/Users/shivansh/development/TDD/e-commerce/config/initializers/to_time_preserves_timezone.rb": [
        null,
        null,
        null,
        null,
        null,
        null,
        null,
        null,
        null,
        1
      ],
      "/Users/shivansh/development/TDD/e-commerce/config/initializers/wrap_parameters.rb": [
        null,
        null,
        null,
        null,
        null,
        null,
        1,
        1,
        null,
        null,
        null,
        null,
        null,
        null
      ],
      "/Users/shivansh/development/TDD/e-commerce/spec/factories/categories.rb": [
        1,
        1,
        1,
        null,
        null
      ],
      "/Users/shivansh/development/TDD/e-commerce/spec/factories/invoices.rb": [
        1,
        1,
        2,
        null,
        null
      ],
      "/Users/shivansh/development/TDD/e-commerce/spec/factories/items.rb": [
        1,
        1,
        1,
        1,
        1,
        1,
        1,
        22,
        null,
        null
      ],
      "/Users/shivansh/development/TDD/e-commerce/spec/factories/orders.rb": [
        1,
        1,
        13,
        13,
        1,
        1,
        1,
        null,
        null
      ],
      "/Users/shivansh/development/TDD/e-commerce/spec/factories/users.rb": [
        1,
        1,
        1,
        1,
        1,
        1,
        1,
        null,
        null
      ],
      "/Users/shivansh/development/TDD/e-commerce/config/routes.rb": [
        1,
        null,
        null,
        null,
        null,
        null,
        null,
        null,
        null,
        null,
        null,
        null,
        null,
        null,
        null,
        null,
        null,
        null,
        null,
        null,
        null,
        null,
        null,
        null,
        null,
        null,
        null,
        null,
        null,
        null,
        null,
        null,
        null,
        null,
        null,
        null,
        null,
        null,
        null,
        null,
        null,
        null,
        null,
        null,
        null,
        null,
        null,
        null,
        null,
        null,
        null,
        null,
        null,
        null,
        null,
        null
      ],
      "/Users/shivansh/development/TDD/e-commerce/app/helpers/application_helper.rb": [
        1,
        null
      ],
      "/Users/shivansh/development/TDD/e-commerce/app/models/category.rb": [
        1,
        1,
        1,
        null
      ],
      "/Users/shivansh/development/TDD/e-commerce/spec/models/invoice_spec.rb": [
        1,
        null,
        1,
        1,
        1,
        1,
        1,
        1,
        null,
        null,
        null,
        1,
        1,
        1,
        1,
        null,
        1,
        1,
        1,
        null,
        null,
        null,
        null,
        1,
        1,
        1,
        1,
        1,
        1,
        null,
        null,
        null,
        null
      ],
      "/Users/shivansh/development/TDD/e-commerce/app/models/invoice.rb": [
        1,
        1,
        1,
        null
      ],
      "/Users/shivansh/development/TDD/e-commerce/spec/models/item_spec.rb": [
        1,
        null,
        1,
        1,
        1,
        1,
        1,
        1,
        null,
        null,
        null,
        1,
        1,
        1,
        1,
        null,
        1,
        1,
        1,
        null,
        1,
        1,
        1,
        null,
        1,
        1,
        1,
        null,
        1,
        1,
        1,
        null,
        1,
        1,
        1,
        null,
        1,
        1,
        1,
        null,
        1,
        1,
        1,
        null,
        1,
        1,
        1,
        null,
        null,
        null,
        null,
        1,
        1,
        1,
        1,
        1,
        1,
        null,
        1,
        1,
        1,
        1,
        1,
        null,
        null,
        null,
        null
      ],
      "/Users/shivansh/development/TDD/e-commerce/app/models/item.rb": [
        1,
        1,
        1,
        1,
        1,
        1,
        1,
        1,
        1,
        null
      ],
      "/Users/shivansh/development/TDD/e-commerce/spec/models/order_spec.rb": [
        1,
        null,
        1,
        1,
        1,
        1,
        1,
        1,
        null,
        null,
        null,
        1,
        1,
        1,
        1,
        null,
        1,
        1,
        1,
        null,
        1,
        1,
        1,
        null,
        1,
        1,
        1,
        null,
        1,
        1,
        1,
        null,
        1,
        1,
        1,
        null,
        1,
        1,
        1,
        null,
        null,
        null,
        null,
        1,
        1,
        1,
        1,
        1,
        1,
        null,
        null,
        null,
        null,
        null,
        null,
        null,
        1,
        1,
        1,
        1,
        null,
        1,
        1,
        1,
        1,
        null,
        null,
        null,
        null
      ],
      "/Users/shivansh/development/TDD/e-commerce/app/models/order.rb": [
        1,
        1,
        1,
        1,
        1,
        1,
        1,
        1,
        1,
        1,
        1,
        1,
        null
      ],
      "/Users/shivansh/development/TDD/e-commerce/spec/models/user_spec.rb": [
        1,
        null,
        1,
        1,
        1,
        1,
        1,
        1,
        null,
        null,
        null,
        1,
        1,
        1,
        1,
        null,
        1,
        1,
        1,
        null,
        1,
        1,
        1,
        null,
        1,
        1,
        1,
        null,
        1,
        1,
        1,
        null,
        1,
        1,
        1,
        null,
        null,
        null,
        null,
        1,
        1,
        1,
        1,
        1,
        1,
        1,
        null,
        null,
        null,
        null
      ],
      "/Users/shivansh/development/TDD/e-commerce/app/models/user.rb": [
        1,
        1,
        1,
        1,
        1,
        1,
        1,
        null
      ]
    },
    "timestamp": 1516255328
  }
}
